2025-07-24 03:54:44 [INFO]: Swagger文档已启用: /api-docs
2025-07-24 03:54:44 [INFO]: 数据库连接池创建成功
2025-07-24 03:55:36 [INFO]: Swagger文档已启用: /api-docs
2025-07-24 03:55:36 [INFO]: 数据库连接池创建成功
2025-07-24 03:57:16 [INFO]: Swagger文档已启用: /api-docs
2025-07-24 03:57:16 [INFO]: 数据库连接池创建成功
2025-07-24 03:57:17 [INFO]: 数据库连接成功
2025-07-24 03:57:17 [INFO]: 服务器运行在端口 3000
2025-07-24 03:57:17 [INFO]: 环境: development
2025-07-24 03:57:17 [INFO]: 前端页面: http://localhost:3000
2025-07-24 03:57:17 [INFO]: API文档: http://localhost:3000/api-docs
2025-07-24 03:57:17 [INFO]: 健康检查: http://localhost:3000/health
2025-07-24 03:57:24 [INFO]: GET /api-docs/ - 304 - 7ms
2025-07-24 03:57:24 [INFO]: GET /api-docs/swagger-ui.css - 304 - 3ms
2025-07-24 03:57:24 [INFO]: GET /api-docs/swagger-ui-bundle.js - 304 - 1ms
2025-07-24 03:57:24 [INFO]: GET /api-docs/swagger-ui-standalone-preset.js - 304 - 4ms
2025-07-24 03:57:24 [INFO]: GET /api-docs/swagger-ui-init.js - 200 - 8ms
2025-07-24 03:57:24 [INFO]: GET /api-docs/favicon-32x32.png - 304 - 1ms
2025-07-24 03:57:40 [INFO]: GET /api/v1/users/searchUser?name=2 - 404 - 14ms
2025-07-24 03:57:48 [INFO]: GET /api/v1/users/searchUser?name=4 - 404 - 2ms
2025-07-24 03:58:06 [INFO]: GET /api/v1/users/searchUser?name=John%20Doeh - 200 - 4ms
2025-07-24 04:02:12 [INFO]: Swagger文档已启用: /api-docs
2025-07-24 04:02:12 [INFO]: 数据库连接池创建成功
2025-07-24 04:02:12 [INFO]: 数据库连接成功
2025-07-24 04:02:12 [INFO]: 服务器运行在端口 3000
2025-07-24 04:02:12 [INFO]: 环境: development
2025-07-24 04:02:12 [INFO]: 前端页面: http://localhost:3000
2025-07-24 04:02:12 [INFO]: API文档: http://localhost:3000/api-docs
2025-07-24 04:02:12 [INFO]: 健康检查: http://localhost:3000/health
2025-07-24 04:02:23 [WARN]: 404错误: GET /api/v1/users/searchUser?name=John%20Doeh
2025-07-24 04:02:23 [INFO]: GET /api/v1/users/searchUser?name=John%20Doeh - 404 - 7ms
2025-07-24 04:02:31 [INFO]: GET /api-docs/ - 304 - 2ms
2025-07-24 04:02:31 [INFO]: GET /api-docs/swagger-ui.css - 304 - 7ms
2025-07-24 04:02:31 [INFO]: GET /api-docs/swagger-ui-bundle.js - 304 - 8ms
2025-07-24 04:02:31 [INFO]: GET /api-docs/swagger-ui-standalone-preset.js - 304 - 9ms
2025-07-24 04:02:31 [INFO]: GET /api-docs/swagger-ui-init.js - 200 - 13ms
2025-07-24 04:02:31 [INFO]: GET /api-docs/favicon-32x32.png - 304 - 1ms
2025-07-24 04:02:38 [INFO]: GET /api-docs/ - 200 - 3ms
2025-07-24 04:02:38 [INFO]: GET /api-docs/swagger-ui-init.js - 200 - 6ms
2025-07-24 04:02:38 [INFO]: GET /api-docs/swagger-ui.css - 200 - 15ms
2025-07-24 04:02:38 [INFO]: GET /api-docs/swagger-ui-standalone-preset.js - 200 - 52ms
2025-07-24 04:02:39 [INFO]: GET /api-docs/swagger-ui-bundle.js - 200 - 154ms
2025-07-24 04:02:39 [INFO]: GET /api-docs/favicon-32x32.png - 304 - 6ms
2025-07-24 04:02:45 [INFO]: GET /users/searchUser?name=John%20Doeh - 200 - 13ms
